\BOOKMARK [1][-]{section.1}{\376\377\000I\000n\000t\000r\000o\000d\000u\000c\000t\000i\000o\000n\000\040\000e\000t\000\040\000c\000o\000n\000t\000e\000x\000t\000e}{}% 1
\BOOKMARK [2][-]{subsection.1.1}{\376\377\000O\000b\000j\000e\000c\000t\000i\000f\000s\000\040\000d\000u\000\040\000p\000r\000o\000j\000e\000t}{section.1}% 2
\BOOKMARK [2][-]{subsection.1.2}{\376\377\000P\000e\000r\000i\000m\000e\000t\000r\000e\000\040\000e\000t\000\040\000c\000o\000n\000t\000r\000a\000i\000n\000t\000e\000s}{section.1}% 3
\BOOKMARK [1][-]{section.2}{\376\377\000C\000a\000d\000r\000e\000\040\000t\000h\000e\000o\000r\000i\000q\000u\000e\000\040\000e\000t\000\040\000c\000h\000o\000i\000x\000\040\000d\000e\000\040\000c\000o\000n\000c\000e\000p\000t\000i\000o\000n}{}% 4
\BOOKMARK [2][-]{subsection.2.1}{\376\377\000T\000a\000x\000o\000n\000o\000m\000i\000e\000\040\000d\000e\000\040\000S\000p\000i\000t\000z\000n\000e\000r}{section.2}% 5
\BOOKMARK [2][-]{subsection.2.2}{\376\377\000J\000u\000s\000t\000i\000f\000i\000c\000a\000t\000i\000o\000n\000\040\000d\000u\000\040\000m\000e\000d\000i\000u\000m\000-\000i\000n\000t\000e\000r\000a\000c\000t\000i\000o\000n}{section.2}% 6
\BOOKMARK [1][-]{section.3}{\376\377\000A\000r\000c\000h\000i\000t\000e\000c\000t\000u\000r\000e\000\040\000d\000u\000\040\000s\000y\000s\000t\000e\000m\000e}{}% 7
\BOOKMARK [2][-]{subsection.3.1}{\376\377\000C\000h\000o\000i\000x\000\040\000t\000e\000c\000h\000n\000i\000q\000u\000e\000s}{section.3}% 8
\BOOKMARK [1][-]{section.4}{\376\377\000L\000e\000s\000\040\000s\000e\000r\000v\000i\000c\000e\000s\000\040\000l\000e\000u\000r\000r\000e\000s}{}% 9
\BOOKMARK [2][-]{subsection.4.1}{\376\377\000S\000e\000r\000v\000i\000c\000e\000\040\000S\000S\000H\000\040\000\050\000p\000o\000r\000t\000\040\0002\0002\0002\0002\000\051}{section.4}% 10
\BOOKMARK [2][-]{subsection.4.2}{\376\377\000S\000e\000r\000v\000i\000c\000e\000\040\000H\000T\000T\000P\000\040\000\050\000p\000o\000r\000t\000\040\0008\0000\0008\0000\000\051}{section.4}% 11
\BOOKMARK [2][-]{subsection.4.3}{\376\377\000S\000e\000r\000v\000i\000c\000e\000\040\000F\000T\000P\000\040\000\050\000p\000o\000r\000t\000\040\0002\0001\0002\0001\000\051}{section.4}% 12
\BOOKMARK [2][-]{subsection.4.4}{\376\377\000I\000n\000t\000e\000g\000r\000i\000t\000e\000\040\000d\000e\000s\000\040\000p\000r\000e\000u\000v\000e\000s}{section.4}% 13
\BOOKMARK [1][-]{section.5}{\376\377\000P\000i\000p\000e\000l\000i\000n\000e\000\040\000d\000'\000a\000n\000a\000l\000y\000s\000e\000\040\000e\000t\000\040\000c\000l\000a\000s\000s\000i\000f\000i\000c\000a\000t\000i\000o\000n}{}% 14
\BOOKMARK [2][-]{subsection.5.1}{\376\377\000C\000o\000n\000t\000r\000a\000t\000\040\000d\000e\000\040\000l\000o\000g\000\040\000v\000e\000r\000s\000i\000o\000n\000n\000e}{section.5}% 15
\BOOKMARK [2][-]{subsection.5.2}{\376\377\000E\000n\000r\000i\000c\000h\000i\000s\000s\000e\000m\000e\000n\000t}{section.5}% 16
\BOOKMARK [2][-]{subsection.5.3}{\376\377\000C\000l\000a\000s\000s\000i\000f\000i\000c\000a\000t\000i\000o\000n\000\040\000c\000o\000m\000p\000o\000r\000t\000e\000m\000e\000n\000t\000a\000l\000e}{section.5}% 17
\BOOKMARK [1][-]{section.6}{\376\377\000R\000e\000s\000u\000l\000t\000a\000t\000s\000\040\000e\000t\000\040\000t\000a\000b\000l\000e\000a\000u\000\040\000d\000e\000\040\000b\000o\000r\000d}{}% 18
\BOOKMARK [2][-]{subsection.6.1}{\376\377\000L\000e\000c\000t\000u\000r\000e\000\040\000d\000e\000s\000\040\000r\000e\000s\000u\000l\000t\000a\000t\000s}{section.6}% 19
\BOOKMARK [2][-]{subsection.6.2}{\376\377\000I\000n\000t\000e\000r\000p\000r\000e\000t\000a\000t\000i\000o\000n}{section.6}% 20
\BOOKMARK [1][-]{section.7}{\376\377\000V\000a\000l\000i\000d\000a\000t\000i\000o\000n\000\040\000p\000a\000r\000\040\000a\000t\000t\000a\000q\000u\000e\000s\000\040\000r\000e\000e\000l\000l\000e\000s}{}% 21
\BOOKMARK [1][-]{section.8}{\376\377\000A\000u\000d\000i\000t\000\040\000d\000e\000\040\000d\000e\000t\000e\000c\000t\000a\000b\000i\000l\000i\000t\000e\000\040\000\050\000f\000u\000r\000t\000i\000v\000i\000t\000e\000\051}{}% 22
\BOOKMARK [2][-]{subsection.8.1}{\376\377\000C\000o\000n\000t\000r\000e\000-\000m\000e\000s\000u\000r\000e\000s\000\040\000a\000p\000p\000l\000i\000q\000u\000e\000e\000s}{section.8}% 23
\BOOKMARK [1][-]{section.9}{\376\377\000S\000e\000c\000u\000r\000i\000t\000e\000\040\000d\000u\000\040\000h\000o\000n\000e\000y\000p\000o\000t\000\040\000e\000t\000\040\000c\000a\000d\000r\000e\000\040\000l\000e\000g\000a\000l}{}% 24
\BOOKMARK [2][-]{subsection.9.1}{\376\377\000D\000u\000r\000c\000i\000s\000s\000e\000m\000e\000n\000t\000\040\000\050\000a\000n\000t\000i\000-\000p\000i\000v\000o\000t\000\051}{section.9}% 25
\BOOKMARK [2][-]{subsection.9.2}{\376\377\000C\000o\000n\000f\000o\000r\000m\000i\000t\000e\000\040\000R\000G\000P\000D\000\040\000e\000t\000\040\000a\000r\000t\000i\000c\000l\000e\000\040\0003\0002\0003\000-\0001}{section.9}% 26
\BOOKMARK [1][-]{section.10}{\376\377\000C\000a\000r\000t\000o\000g\000r\000a\000p\000h\000i\000e\000\040\000M\000I\000T\000R\000E\000\040\000A\000T\000T\000\046\000C\000K\000\040\000e\000t\000\040\000e\000x\000p\000o\000r\000t\000s\000\040\000d\000e\000f\000e\000n\000s\000i\000f\000s}{}% 27
\BOOKMARK [1][-]{section.11}{\376\377\000G\000e\000s\000t\000i\000o\000n\000\040\000d\000e\000\040\000p\000r\000o\000j\000e\000t\000\040\000e\000t\000\040\000r\000e\000p\000a\000r\000t\000i\000t\000i\000o\000n\000\040\000d\000u\000\040\000t\000r\000a\000v\000a\000i\000l}{}% 28
\BOOKMARK [1][-]{section.12}{\376\377\000R\000e\000t\000o\000u\000r\000\040\000d\000'\000e\000x\000p\000e\000r\000i\000e\000n\000c\000e\000\040\000e\000t\000\040\000p\000e\000r\000s\000p\000e\000c\000t\000i\000v\000e\000s}{}% 29
\BOOKMARK [2][-]{subsection.12.1}{\376\377\000B\000i\000l\000a\000n}{section.12}% 30
\BOOKMARK [2][-]{subsection.12.2}{\376\377\000D\000i\000f\000f\000i\000c\000u\000l\000t\000e\000s\000\040\000r\000e\000n\000c\000o\000n\000t\000r\000e\000e\000s}{section.12}% 31
\BOOKMARK [2][-]{subsection.12.3}{\376\377\000P\000e\000r\000s\000p\000e\000c\000t\000i\000v\000e\000s}{section.12}% 32
\BOOKMARK [1][-]{section.13}{\376\377\000C\000o\000n\000c\000l\000u\000s\000i\000o\000n}{}% 33
\BOOKMARK [1][-]{appendix.A}{\376\377\000A\000n\000n\000e\000x\000e\000s}{}% 34
\BOOKMARK [2][-]{subsection.A.1}{\376\377\000D\000e\000m\000a\000r\000r\000a\000g\000e\000\040\000r\000a\000p\000i\000d\000e}{appendix.A}% 35
\BOOKMARK [2][-]{subsection.A.2}{\376\377\000E\000x\000e\000m\000p\000l\000e\000\040\000d\000e\000\040\000r\000e\000g\000l\000e\000\040\000S\000i\000g\000m\000a\000\040\000g\000e\000n\000e\000r\000e\000e}{appendix.A}% 36
\BOOKMARK [2][-]{subsection.A.3}{\376\377\000S\000t\000r\000u\000c\000t\000u\000r\000e\000\040\000d\000u\000\040\000d\000e\000p\000o\000t}{appendix.A}% 37
